2008-09-10 18:21:15,648 - RuntimeInstance initializing.
2008-09-10 18:21:15,648 - Default Properties File: org/apache/velocity/runtime/defaults/velocity.properties
2008-09-10 18:21:15,648 - Trying to use logger class org.apache.velocity.runtime.log.SimpleLog4JLogSystem
2008-09-10 18:21:15,648 - Using logger class org.apache.velocity.runtime.log.SimpleLog4JLogSystem
2008-09-10 18:21:15,657 - Default ResourceManager initializing. (class org.apache.velocity.runtime.resource.ResourceManagerImpl)
2008-09-10 18:21:15,664 - Resource Loader Instantiated: org.apache.velocity.runtime.resource.loader.ClasspathResourceLoader
2008-09-10 18:21:15,664 - ClasspathResourceLoader : initialization starting.
2008-09-10 18:21:15,664 - ClasspathResourceLoader : initialization complete.
2008-09-10 18:21:15,669 - ResourceCache : initialized. (class org.apache.velocity.runtime.resource.ResourceCacheImpl)
2008-09-10 18:21:15,669 - Default ResourceManager initialization complete.
2008-09-10 18:21:15,672 - Loaded System Directive: org.apache.velocity.runtime.directive.Literal
2008-09-10 18:21:15,693 - Loaded System Directive: org.apache.velocity.runtime.directive.Macro
2008-09-10 18:21:15,704 - Loaded System Directive: org.apache.velocity.runtime.directive.Parse
2008-09-10 18:21:15,708 - Loaded System Directive: org.apache.velocity.runtime.directive.Include
2008-09-10 18:21:15,709 - Loaded System Directive: org.apache.velocity.runtime.directive.Foreach
2008-09-10 18:21:15,879 - Created: 20 parsers.
2008-09-10 18:21:15,915 - Velocimacro : initialization starting.
2008-09-10 18:21:15,915 - Velocimacro : adding VMs from VM library template : VM_global_library.vm
2008-09-10 18:21:15,925 - ResourceManager : unable to find resource 'VM_global_library.vm' in any resource loader.
2008-09-10 18:21:15,925 - Velocimacro : error using  VM library template VM_global_library.vm : org.apache.velocity.exception.ResourceNotFoundException: Unable to find resource 'VM_global_library.vm'
2008-09-10 18:21:15,925 - Velocimacro :  VM library template macro registration complete.
2008-09-10 18:21:15,926 - Velocimacro : allowInline = true : VMs can be defined inline in templates
2008-09-10 18:21:15,926 - Velocimacro : allowInlineToOverride = false : VMs defined inline may NOT replace previous VM definitions
2008-09-10 18:21:15,926 - Velocimacro : allowInlineLocal = false : VMs defined inline will be  global in scope if allowed.
2008-09-10 18:21:15,926 - Velocimacro : messages on  : VM system will output logging messages
2008-09-10 18:21:15,926 - Velocimacro : autoload off  : VM system will not automatically reload global library macros
2008-09-10 18:21:15,926 - Velocimacro : initialization complete.
2008-09-10 18:21:15,926 - Velocity successfully started.
2008-09-10 18:24:18,937 - SimpleLog4JLogSystem initialized using logfile 'velocity.log'
2008-09-10 18:24:18,937 - ************************************************************** 
2008-09-10 18:24:18,937 - Starting Jakarta Velocity v1.4
2008-09-10 18:24:18,937 - RuntimeInstance initializing.
2008-09-10 18:24:18,937 - Default Properties File: org/apache/velocity/runtime/defaults/velocity.properties
2008-09-10 18:24:18,937 - Trying to use logger class org.apache.velocity.runtime.log.SimpleLog4JLogSystem
2008-09-10 18:24:18,938 - Using logger class org.apache.velocity.runtime.log.SimpleLog4JLogSystem
2008-09-10 18:24:18,972 - Default ResourceManager initializing. (class org.apache.velocity.runtime.resource.ResourceManagerImpl)
2008-09-10 18:24:18,981 - Resource Loader Instantiated: org.apache.velocity.runtime.resource.loader.ClasspathResourceLoader
2008-09-10 18:24:18,981 - ClasspathResourceLoader : initialization starting.
2008-09-10 18:24:18,981 - ClasspathResourceLoader : initialization complete.
2008-09-10 18:24:18,986 - ResourceCache : initialized. (class org.apache.velocity.runtime.resource.ResourceCacheImpl)
2008-09-10 18:24:18,986 - Default ResourceManager initialization complete.
2008-09-10 18:24:18,999 - Loaded System Directive: org.apache.velocity.runtime.directive.Literal
2008-09-10 18:24:19,012 - Loaded System Directive: org.apache.velocity.runtime.directive.Macro
2008-09-10 18:24:19,026 - Loaded System Directive: org.apache.velocity.runtime.directive.Parse
2008-09-10 18:24:19,074 - Loaded System Directive: org.apache.velocity.runtime.directive.Include
2008-09-10 18:24:19,076 - Loaded System Directive: org.apache.velocity.runtime.directive.Foreach
2008-09-10 18:24:19,348 - Created: 20 parsers.
2008-09-10 18:24:19,366 - Velocimacro : initialization starting.
2008-09-10 18:24:19,366 - Velocimacro : adding VMs from VM library template : VM_global_library.vm
2008-09-10 18:24:19,373 - ResourceManager : unable to find resource 'VM_global_library.vm' in any resource loader.
2008-09-10 18:24:19,373 - Velocimacro : error using  VM library template VM_global_library.vm : org.apache.velocity.exception.ResourceNotFoundException: Unable to find resource 'VM_global_library.vm'
2008-09-10 18:24:19,373 - Velocimacro :  VM library template macro registration complete.
2008-09-10 18:24:19,373 - Velocimacro : allowInline = true : VMs can be defined inline in templates
2008-09-10 18:24:19,373 - Velocimacro : allowInlineToOverride = false : VMs defined inline may NOT replace previous VM definitions
2008-09-10 18:24:19,373 - Velocimacro : allowInlineLocal = false : VMs defined inline will be  global in scope if allowed.
2008-09-10 18:24:19,373 - Velocimacro : messages on  : VM system will output logging messages
2008-09-10 18:24:19,373 - Velocimacro : autoload off  : VM system will not automatically reload global library macros
2008-09-10 18:24:19,373 - Velocimacro : initialization complete.
2008-09-10 18:24:19,373 - Velocity successfully started.
2008-09-10 18:28:55,933 - SimpleLog4JLogSystem initialized using logfile 'velocity.log'
2008-09-10 18:28:55,933 - ************************************************************** 
2008-09-10 18:28:55,933 - Starting Jakarta Velocity v1.4
2008-09-10 18:28:55,933 - RuntimeInstance initializing.
2008-09-10 18:28:55,933 - Default Properties File: org/apache/velocity/runtime/defaults/velocity.properties
2008-09-10 18:28:55,933 - Trying to use logger class org.apache.velocity.runtime.log.SimpleLog4JLogSystem
2008-09-10 18:28:55,933 - Using logger class org.apache.velocity.runtime.log.SimpleLog4JLogSystem
2008-09-10 18:28:55,942 - Default ResourceManager initializing. (class org.apache.velocity.runtime.resource.ResourceManagerImpl)
2008-09-10 18:28:55,948 - Resource Loader Instantiated: org.apache.velocity.runtime.resource.loader.ClasspathResourceLoader
2008-09-10 18:28:55,948 - ClasspathResourceLoader : initialization starting.
2008-09-10 18:28:55,948 - ClasspathResourceLoader : initialization complete.
2008-09-10 18:28:55,967 - ResourceCache : initialized. (class org.apache.velocity.runtime.resource.ResourceCacheImpl)
2008-09-10 18:28:55,968 - Default ResourceManager initialization complete.
2008-09-10 18:28:55,972 - Loaded System Directive: org.apache.velocity.runtime.directive.Literal
2008-09-10 18:28:55,978 - Loaded System Directive: org.apache.velocity.runtime.directive.Macro
2008-09-10 18:28:55,984 - Loaded System Directive: org.apache.velocity.runtime.directive.Parse
2008-09-10 18:28:55,988 - Loaded System Directive: org.apache.velocity.runtime.directive.Include
2008-09-10 18:28:55,991 - Loaded System Directive: org.apache.velocity.runtime.directive.Foreach
2008-09-10 18:28:56,168 - Created: 20 parsers.
2008-09-10 18:28:56,186 - Velocimacro : initialization starting.
2008-09-10 18:28:56,186 - Velocimacro : adding VMs from VM library template : VM_global_library.vm
2008-09-10 18:28:56,194 - ResourceManager : unable to find resource 'VM_global_library.vm' in any resource loader.
2008-09-10 18:28:56,194 - Velocimacro : error using  VM library template VM_global_library.vm : org.apache.velocity.exception.ResourceNotFoundException: Unable to find resource 'VM_global_library.vm'
2008-09-10 18:28:56,194 - Velocimacro :  VM library template macro registration complete.
2008-09-10 18:28:56,194 - Velocimacro : allowInline = true : VMs can be defined inline in templates
2008-09-10 18:28:56,194 - Velocimacro : allowInlineToOverride = false : VMs defined inline may NOT replace previous VM definitions
2008-09-10 18:28:56,195 - Velocimacro : allowInlineLocal = false : VMs defined inline will be  global in scope if allowed.
2008-09-10 18:28:56,195 - Velocimacro : messages on  : VM system will output logging messages
2008-09-10 18:28:56,195 - Velocimacro : autoload off  : VM system will not automatically reload global library macros
2008-09-10 18:28:56,195 - Velocimacro : initialization complete.
2008-09-10 18:28:56,195 - Velocity successfully started.
